# timestamp | duration | file | instruction | dir | modtime | etag | size | fileId | status | errorString | http result code | other size | other modtime | other etag | other fileId | other instruction
#=#=#=# Syncrun started 2014-08-05T09:11:09 until 2014-08-05T09:12:41 (92251 msec)
06:12:56|2827|projects/2.png|INST_NEW|Up|1375683275||144964||4||0|0|0|||INST_NONE|
06:12:09|2334|img/fav/the_prodigy_2.jpg|INST_NEW|Up|1366397981||43856||4||0|0|0|||INST_NONE|
06:11:46|1799|img/fav/magritte.jpg|INST_NEW|Up|1382543590||67465||4||0|0|0|||INST_NONE|
06:12:07|2918|img/fav/the_prodigy.jpg|INST_NEW|Up|1366397955||22133||4||0|0|0|||INST_NONE|
06:12:06|1624|img/fav/the_killers.jpg|INST_NEW|Up|1366402592||23982||4||0|0|0|||INST_NONE|
06:12:16|2168|img/nira_dark2.jpg|INST_NEW|Up|1375691335||103341||4||0|0|0|||INST_NONE|
06:11:29|2750|HappyBirthdaySasha.html|INST_NEW|Up|1378502724||2552||4||0|0|0|||INST_NONE|
06:11:31|6278|bdstyle.css|INST_NEW|Up|1374089508||257||4||0|0|0|||INST_NONE|
06:12:19|1613|img/social/facebook_s.png|INST_NEW|Up|1365961519||1838||4||0|0|0|||INST_NONE|
06:12:41|0|webapps|INST_NEW|Up|1372094355||0||4||0|0|0|||INST_NONE|
06:13:00|1093|study.html|INST_NEW|Up|1396947397||5746||4||0|0|0|||INST_NONE|
06:12:49|1311|pics/3.png|INST_NEW|Up|1374046124||25377||4||0|0|0|||INST_NONE|
06:12:38|1727|pics to choose/18.jpg|INST_NEW|Up|1366047369||195164||4||0|0|0|||INST_NONE|
06:12:05|1616|img/fav/ryan_gosling_1.jpg|INST_NEW|Up|1366446838||30314||4||0|0|0|||INST_NONE|
06:11:46|1694|img/fav/magritte_2.jpg|INST_NEW|Up|1382543388||122986||4||0|0|0|||INST_NONE|
06:12:25|1915|img/social/twitter_s.png|INST_NEW|Up|1365961451||2929||4||0|0|0|||INST_NONE|
06:11:44|1779|img/fav/lemniscate.png|INST_NEW|Up|1366399422||9302||4||0|0|0|||INST_NONE|
06:12:27|2011|index.html|INST_NEW|Up|1396947822||3472||4||0|0|0|||INST_NONE|
06:12:49|1414|pics/5.png|INST_NEW|Up|1374083020||28614||4||0|0|0|||INST_NONE|
06:11:22|0|img/fav|INST_NEW|Up|1407218858||8192||4||0|0|0|||INST_NONE|
06:12:25|1403|img/tampa_bay_times.png|INST_NEW|Up|1366871830||16169||4||0|0|0|||INST_NONE|
06:12:21|1889|img/social/liveJ.png|INST_NEW|Up|1365961811||10218||4||0|0|0|||INST_NONE|
06:12:55|2085|projects.html|INST_NEW|Up|1396947896||7080||4||0|0|0|||INST_NONE|
06:11:42|1910|img/fav/esher_1.jpg|INST_NEW|Up|1366398479||60230||4||0|0|0|||INST_NONE|
06:12:44|1726|pics to choose/9.jpg|INST_NEW|Up|1341519346||72464||4||0|0|0|||INST_NONE|
06:12:34|1679|pics to choose/12.jpg|INST_NEW|Up|1366048596||102163||4||0|0|0|||INST_NONE|
06:11:35|1170|css/main.css|INST_NEW|Up|1375860717||4720||4||0|0|0|||INST_NONE|
06:12:12|0|pics to choose|INST_NEW|Up|1407218854||4096||4||0|0|0|||INST_NONE|
06:12:19|1964|img/social/gplus_s.png|INST_NEW|Up|1365961706||6468||4||0|0|0|||INST_NONE|
06:11:50|2800|img/fav/orchid_1.jpg|INST_NEW|Up|1366402117||32295||4||0|0|0|||INST_NONE|
06:12:42|1654|pics to choose/6.jpg|INST_NEW|Up|1366048728||131296||4||0|0|0|||INST_NONE|
06:11:44|1685|img/fav/esher_2.jpg|INST_NEW|Up|1366397921||42978||4||0|0|0|||INST_NONE|
06:12:46|2901|pics/1.png|INST_NEW|Up|1372097408||104714||4||0|0|0|||INST_NONE|
06:12:21|2134|img/social/lastfm_s.png|INST_NEW|Up|1365961263||3873||4||0|0|0|||INST_NONE|
06:12:06|1698|img/fav/the_killers_1.jpg|INST_NEW|Up|1366402643||34405||4||0|0|0|||INST_NONE|
06:12:43|1352|pics to choose/7.jpg|INST_NEW|Up|1341519613||58050||4||0|0|0|||INST_NONE|
06:11:48|2629|img/fav/o_e_1.jpg|INST_NEW|Up|1366398430||39555||4||0|0|0|||INST_NONE|
06:12:39|1611|pics to choose/2.jpg|INST_NEW|Up|1360960790||24429||4||0|0|0|||INST_NONE|
06:12:29|1241|js/jquery-1.9.1.min.js|INST_NEW|Up|1365885227||92629||4||0|0|0|||INST_NONE|
06:12:08|2740|img/fav/the_prodigy_1.jpg|INST_NEW|Up|1366397969||56326||4||0|0|0|||INST_NONE|
06:12:54|1376|poetry.html|INST_NEW|Up|1396947824||21635||4||0|0|0|||INST_NONE|
06:12:30|2155|js/toggle.js|INST_NEW|Up|1375860213||460||4||0|0|0|||INST_NONE|
06:12:46|2836|pics/01.png|INST_NEW|Up|1374088126||16211||4||0|0|0|||INST_NONE|
06:12:59|1077|stack.html|INST_NEW|Up|1396947405||2903||4||0|0|0|||INST_NONE|
06:11:44|1724|img/fav/lemniscate_1.gif|INST_NEW|Up|1366399233||1555||4||0|0|0|||INST_NONE|
06:12:46|2613|pics/2.png|INST_NEW|Up|1374088685||2490||4||0|0|0|||INST_NONE|
06:11:37|1376|favorites.html|INST_NEW|Up|1396947927||8985||4||0|0|0|||INST_NONE|
06:12:49|1808|pics/4.png|INST_NEW|Up|1374048208||22514||4||0|0|0|||INST_NONE|
06:11:53|1511|img/fav/pendulum.jpg|INST_NEW|Up|1366402204||39419||4||0|0|0|||INST_NONE|
06:11:53|1409|img/fav/pendulum_1.jpg|INST_NEW|Up|1366402260||47776||4||0|0|0|||INST_NONE|
06:12:58|1478|projects/4.png|INST_NEW|Up|1375683372||163003||4||0|0|0|||INST_NONE|
06:11:42|1600|img/fav/esher.jpg|INST_NEW|Up|1366397932||58341||4||0|0|0|||INST_NONE|
06:11:20|0|img|INST_NEW|Up|1407218855||4096||4||0|0|0|||INST_NONE|
06:12:11|0|pics|INST_NEW|Up|1407218837||4096||4||0|0|0|||INST_NONE|
06:11:38|1774|gallery.html|INST_NEW|Up|1396947833||7343||4||0|0|0|||INST_NONE|
06:11:57|0|img/social|INST_NEW|Up|1407218858||4096||4||0|0|0|||INST_NONE|
06:12:23|1644|img/social/myShows_s.png|INST_NEW|Up|1365960653||1816||4||0|0|0|||INST_NONE|
06:12:53|1476|pics/grass.png|INST_NEW|Up|1372104590||107191||4||0|0|0|||INST_NONE|
06:11:48|2333|img/fav/o_e.jpg|INST_NEW|Up|1366398441||22333||4||0|0|0|||INST_NONE|
06:12:51|1664|pics/brenda.png|INST_NEW|Up|1374088254||25245||4||0|0|0|||INST_NONE|
06:11:29|7347|HappyBirthdayBrenda.html|INST_NEW|Up|1381570916||2398||4||0|0|0|||INST_NONE|
06:11:37|1561|css/normalize.css|INST_NEW|Up|1365861170||7589||4||0|0|0|||INST_NONE|
06:11:55|1574|img/fav/placebo_2.jpg|INST_NEW|Up|1366402995||32084||4||0|0|0|||INST_NONE|
06:12:42|1865|pics to choose/5.jpg|INST_NEW|Up|1366047327||141033||4||0|0|0|||INST_NONE|
06:12:58|1744|projects/3.png|INST_NEW|Up|1375683340||254906||4||0|0|0|||INST_NONE|
06:11:50|2748|img/fav/orchid.jpg|INST_NEW|Up|1366401994||23849||4||0|0|0|||INST_NONE|
06:12:32|1500|pics to choose/11.jpg|INST_NEW|Up|1366048695||89320||4||0|0|0|||INST_NONE|
06:12:11|2258|img/fav/the_xx_2.jpg|INST_NEW|Up|1366398004||35554||4||0|0|0|||INST_NONE|
06:12:34|2202|pics to choose/14.jpg|INST_NEW|Up|1366047499||108855||4||0|0|0|||INST_NONE|
06:12:17|1843|img/social/facebook.png|INST_NEW|Up|1365961464||2241||4||0|0|0|||INST_NONE|
06:12:02|1969|img/fav/robert_1.jpg|INST_NEW|Up|1366439407||28955||4||0|0|0|||INST_NONE|
06:12:19|1685|img/social/gplus.png|INST_NEW|Up|1365962021||10182||4||0|0|0|||INST_NONE|
06:11:56|2058|img/fav/regina.jpg|INST_NEW|Up|1366402404||34107||4||0|0|0|||INST_NONE|
06:12:32|1326|pics to choose/1.jpg|INST_NEW|Up|1360960492||89393||4||0|0|0|||INST_NONE|
06:12:15|1159|img/nira.jpg|INST_NEW|Up|1365863874||59306||4||0|0|0|||INST_NONE|
06:12:52|1539|pics/end.png|INST_NEW|Up|1374086013||16204||4||0|0|0|||INST_NONE|
06:11:46|1707|img/fav/lemniskate_2.png|INST_NEW|Up|1366399818||49529||4||0|0|0|||INST_NONE|
06:11:59|2978|img/fav/rene_magritte_2.jpg|INST_NEW|Up|1366397941||31739||4||0|0|0|||INST_NONE|
06:12:14|2183|img/fav/tom_hiddlestone_2.jpg|INST_NEW|Up|1366446113||30964||4||0|0|0|||INST_NONE|
06:11:59|3601|img/fav/rene_magritte.jpg|INST_NEW|Up|1366398453||37596||4||0|0|0|||INST_NONE|
06:12:39|1381|pics to choose/19.jpg|INST_NEW|Up|1366047347||189357||4||0|0|0|||INST_NONE|
06:12:55|3297|projects/1.png|INST_NEW|Up|1375683438||194042||4||0|0|0|||INST_NONE|
06:12:44|1638|pics/0.png|INST_NEW|Up|1374085830||39433||4||0|0|0|||INST_NONE|
06:12:05|1753|img/fav/ryan_gosling_2.jpg|INST_NEW|Up|1366447117||32863||4||0|0|0|||INST_NONE|
06:12:16|1380|img/nira_dark.jpg|INST_NEW|Up|1375689109||96357||4||0|0|0|||INST_NONE|
06:11:55|1636|img/fav/placebo_1.jpg|INST_NEW|Up|1366402829||28144||4||0|0|0|||INST_NONE|
06:11:14|0|css|INST_NEW|Up|1407218837||0||4||0|0|0|||INST_NONE|
06:12:13|2035|img/fav/tom_hiddlestone_1.jpg|INST_NEW|Up|1366445653||24193||4||0|0|0|||INST_NONE|
06:12:29|1494|js/fotorama.js|INST_NEW|Up|1359063070||39217||4||0|0|0|||INST_NONE|
06:12:41|1669|pics to choose/4.jpg|INST_NEW|Up|1366047200||88475||4||0|0|0|||INST_NONE|
06:12:35|0|projects|INST_NEW|Up|1407218837||0||4||0|0|0|||INST_NONE|
06:13:00|993|style.css|INST_NEW|Up|1381567740||122||4||0|0|0|||INST_NONE|
06:11:50|2666|img/fav/orchid_2.jpg|INST_NEW|Up|1366401725||45969||4||0|0|0|||INST_NONE|
06:12:40|1817|pics to choose/3.jpg|INST_NEW|Up|1366047083||112465||4||0|0|0|||INST_NONE|
06:12:32|1590|pics to choose/10.jpg|INST_NEW|Up|1341519331||79203||4||0|0|0|||INST_NONE|
06:12:10|1852|img/fav/the_xx.jpg|INST_NEW|Up|1366398472||16929||4||0|0|0|||INST_NONE|
06:12:51|1646|pics/6.png|INST_NEW|Up|1374083111||28598||4||0|0|0|||INST_NONE|
06:12:25|1747|img/social/twitter.png|INST_NEW|Up|1365961308||4146||4||0|0|0|||INST_NONE|
06:11:59|3114|img/fav/rene_magritte_1.jpg|INST_NEW|Up|1366398464||27439||4||0|0|0|||INST_NONE|
06:11:53|1654|img/fav/pendulum_2.jpg|INST_NEW|Up|1366402311||48520||4||0|0|0|||INST_NONE|
06:12:36|2909|pics to choose/16.jpg|INST_NEW|Up|1360960791||50958||4||0|0|0|||INST_NONE|
06:12:34|1594|pics to choose/13.jpg|INST_NEW|Up|1360962033||52900||4||0|0|0|||INST_NONE|
06:12:23|1657|img/social/myShows.png|INST_NEW|Up|1365960711||1742||4||0|0|0|||INST_NONE|
06:11:56|2773|img/fav/regina_1.jpg|INST_NEW|Up|1366402371||35346||4||0|0|0|||INST_NONE|
06:11:37|1457|favicon.ico|INST_NEW|Up|1365955527||318||4||0|0|0|||INST_NONE|
06:11:34|1199|css/fotorama.css|INST_NEW|Up|1359063068||21494||4||0|0|0|||INST_NONE|
06:12:02|2134|img/fav/robert.jpg|INST_NEW|Up|1366437624||22457||4||0|0|0|||INST_NONE|
06:11:57|1908|img/fav/regina_2.jpg|INST_NEW|Up|1366402535||26512||4||0|0|0|||INST_NONE|
06:12:21|1944|img/social/lastfm.png|INST_NEW|Up|1365961280||2997||4||0|0|0|||INST_NONE|
06:11:40|2335|img/bg-cross.png|INST_NEW|Up|1366304076||186379||4||0|0|0|||INST_NONE|
06:12:53|1623|pics/growing.png|INST_NEW|Up|1374086907||12954||4||0|0|0|||INST_NONE|
06:12:40|1925|pics to choose/20.jpg|INST_NEW|Up|1366047009||528241||4||0|0|0|||INST_NONE|
06:11:55|1805|img/fav/placebo.jpg|INST_NEW|Up|1366402761||24438||4||0|0|0|||INST_NONE|
06:12:36|2288|pics to choose/15.jpg|INST_NEW|Up|1366047461||116081||4||0|0|0|||INST_NONE|
06:12:04|1515|img/fav/ryan_gosling.jpg|INST_NEW|Up|1366446558||27600||4||0|0|0|||INST_NONE|
06:12:36|2686|pics to choose/17.jpg|INST_NEW|Up|1366047423||135848||4||0|0|0|||INST_NONE|
06:12:12|2389|img/fav/tom_hiddlestone.jpg|INST_NEW|Up|1366446289||36786||4||0|0|0|||INST_NONE|
06:12:44|1808|pics to choose/8.jpg|INST_NEW|Up|1341519593||81548||4||0|0|0|||INST_NONE|
06:11:48|2319|img/fav/o_e_2.jpg|INST_NEW|Up|1366398420||35782||4||0|0|0|||INST_NONE|
06:12:02|2116|img/fav/robert_2.jpg|INST_NEW|Up|1366438560||29496||4||0|0|0|||INST_NONE|
06:12:09|0|js|INST_NEW|Up|1407218854||0||4||0|0|0|||INST_NONE|
06:12:11|2112|img/fav/the_xx_1.jpg|INST_NEW|Up|1366397991||35586||4||0|0|0|||INST_NONE|
06:12:51|1953|pics/7.gif|INST_NEW|Up|1374090091||15281||4||0|0|0|||INST_NONE|
06:12:06|2263|img/fav/the_killers_2.jpg|INST_NEW|Up|1366402710||56581||4||0|0|0|||INST_NONE|
06:11:32|1095|contacts.html|INST_NEW|Up|1396947920||3000||4||0|0|0|||INST_NONE|
|0|about.html|INST_NEW|Up|1396947214||8872||2|Error downloading https://cloud.ostafiychuk.name/remote.php/webdav/niralittle/about.html - server replied: Internal Server Error|0|0|0|||INST_NONE|
06:12:23|1615|img/social/liveJ_s.png|INST_NEW|Up|1365961919||10684||4||0|0|0|||INST_NONE|
#=#=#=# Syncrun started 2014-08-05T09:13:12 until 2014-08-05T09:13:14 (2150 msec)
#=#=#=# Syncrun started 2014-08-05T09:13:45 until 2014-08-05T09:13:46 (693 msec)
#=#=#=# Syncrun started 2014-08-05T12:14:02 until 2014-08-05T12:14:02 (64 msec)
#=#=#=# Syncrun started 2014-08-05T22:35:50 until 2014-08-05T22:35:51 (412 msec)
#=#=#=# Syncrun started 2014-08-05T22:41:22 until 2014-08-05T22:41:23 (1455 msec)
#=#=#=# Syncrun started 2014-08-06T01:43:36 until 2014-08-06T01:43:37 (442 msec)
#=#=#=# Syncrun started 2014-08-06T09:02:13 until 2014-08-06T09:02:16 (2335 msec)
#=#=#=# Syncrun started 2014-08-06T09:07:16 until 2014-08-06T09:07:17 (711 msec)
#=#=#=# Syncrun started 2014-08-06T09:12:48 until 2014-08-06T09:12:48 (724 msec)
#=#=#=# Syncrun started 2014-08-06T09:17:49 until 2014-08-06T09:17:50 (663 msec)
#=#=#=# Syncrun started 2014-08-06T09:22:50 until 2014-08-06T09:22:51 (708 msec)
#=#=#=# Syncrun started 2014-08-06T09:27:52 until 2014-08-06T09:27:53 (662 msec)
#=#=#=# Syncrun started 2014-08-06T09:32:53 until 2014-08-06T09:32:54 (699 msec)
#=#=#=# Syncrun started 2014-08-06T09:41:19 until 2014-08-06T09:41:19 (49 msec)
#=#=#=# Syncrun started 2014-08-06T09:41:50 until 2014-08-06T09:41:50 (330 msec)
#=#=#=# Syncrun started 2014-08-06T12:43:59 until 2014-08-06T12:44:00 (610 msec)
#=#=#=# Syncrun started 2014-08-06T20:44:29 until 2014-08-06T20:44:29 (768 msec)
#=#=#=# Syncrun started 2014-08-06T20:49:30 until 2014-08-06T20:49:31 (564 msec)
#=#=#=# Syncrun started 2014-08-06T20:54:31 until 2014-08-06T20:54:32 (447 msec)
#=#=#=# Syncrun started 2014-08-06T20:59:33 until 2014-08-06T20:59:33 (540 msec)
#=#=#=# Syncrun started 2014-08-06T21:33:21 until 2014-08-06T21:33:24 (2720 msec)
#=#=#=# Syncrun started 2014-08-06T21:38:54 until 2014-08-06T21:38:55 (614 msec)
#=#=#=# Syncrun started 2014-08-06T21:44:25 until 2014-08-06T21:44:26 (387 msec)
#=#=#=# Syncrun started 2014-08-06T21:49:56 until 2014-08-06T21:49:57 (609 msec)
#=#=#=# Syncrun started 2014-08-06T21:54:57 until 2014-08-06T21:54:58 (611 msec)
#=#=#=# Syncrun started 2014-08-06T21:59:59 until 2014-08-06T21:59:59 (619 msec)
#=#=#=# Syncrun started 2014-08-06T22:05:00 until 2014-08-06T22:05:00 (684 msec)
#=#=#=# Syncrun started 2014-08-07T01:04:06 until 2014-08-07T01:04:08 (1376 msec)
#=#=#=# Syncrun started 2014-08-07T01:09:38 until 2014-08-07T01:09:39 (706 msec)
#=#=#=# Syncrun started 2014-08-07T01:14:40 until 2014-08-07T01:14:40 (675 msec)
#=#=#=# Syncrun started 2014-08-07T04:16:56 until 2014-08-07T04:16:56 (31 msec)
#=#=#=# Syncrun started 2014-08-07T08:27:46 until 2014-08-07T08:27:46 (364 msec)
#=#=#=# Syncrun started 2014-08-07T08:32:47 until 2014-08-07T08:32:48 (558 msec)
#=#=#=# Syncrun started 2014-08-07T08:37:48 until 2014-08-07T08:37:49 (720 msec)
#=#=#=# Syncrun started 2014-08-07T08:43:20 until 2014-08-07T11:43:28 (10807916 msec)
#=#=#=# Syncrun started 2014-08-07T20:18:30 until 2014-08-07T20:18:33 (2385 msec)
17:18:53|1314|.owncloudsync (Спірна копія користувача Nira Little 2014-08-07).log|INST_NEW|Up|1407431810||14324||4||0|0|0|||INST_NONE|
#=#=#=# Syncrun started 2014-08-07T20:19:03 until 2014-08-07T20:19:04 (506 msec)
#=#=#=# Syncrun started 2014-08-07T20:24:04 until 2014-08-07T20:24:05 (691 msec)
#=#=#=# Syncrun started 2014-08-07T20:29:28 until 2014-08-07T20:29:28 (675 msec)
#=#=#=# Syncrun started 2014-08-07T20:34:59 until 2014-08-07T20:35:00 (707 msec)
#=#=#=# Syncrun started 2014-08-07T23:39:41 until 2014-08-07T23:39:41 (33 msec)
#=#=#=# Syncrun started 2014-08-08T00:10:25 until 2014-08-08T00:10:25 (474 msec)
#=#=#=# Syncrun started 2014-08-08T00:15:26 until 2014-08-08T00:15:27 (698 msec)
#=#=#=# Syncrun started 2014-08-08T00:20:57 until 2014-08-08T00:20:58 (703 msec)
#=#=#=# Syncrun started 2014-08-08T03:25:42 until 2014-08-08T03:25:42 (430 msec)
#=#=#=# Syncrun started 2014-08-08T08:40:10 until 2014-08-08T08:40:10 (42 msec)
#=#=#=# Syncrun started 2014-08-08T08:40:43 until 2014-08-08T08:40:45 (2462 msec)
05:41:07|1938|.csync_journal (Спірна копія користувача Nira Little 2014-08-08).db|INST_NEW|Up|1407457542||31744||4||0|0|0|||INST_NONE|
#=#=#=# Syncrun started 2014-08-08T08:41:16 until 2014-08-08T08:41:16 (390 msec)
#=#=#=# Syncrun started 2014-08-08T08:46:47 until 2014-08-08T08:46:47 (707 msec)
#=#=#=# Syncrun started 2014-08-08T08:52:18 until 2014-08-08T08:52:19 (735 msec)
#=#=#=# Syncrun started 2014-08-08T11:54:06 until 2014-08-08T11:54:06 (38 msec)
#=#=#=# Syncrun started 2014-08-09T13:03:44 until 2014-08-09T13:03:57 (13003 msec)
#=#=#=# Syncrun started 2014-08-09T13:04:17 until 2014-08-09T13:04:18 (1509 msec)
#=#=#=# Syncrun started 2014-08-09T13:09:49 until 2014-08-09T13:09:50 (1348 msec)
#=#=#=# Syncrun started 2014-08-09T13:15:21 until 2014-08-09T13:15:21 (528 msec)
#=#=#=# Syncrun started 2014-08-09T13:20:22 until 2014-08-09T13:20:23 (866 msec)
#=#=#=# Syncrun started 2014-08-09T13:25:23 until 2014-08-09T13:25:24 (818 msec)
#=#=#=# Syncrun started 2014-08-09T13:30:25 until 2014-08-09T13:30:26 (774 msec)
#=#=#=# Syncrun started 2014-08-09T13:35:56 until 2014-08-09T13:36:14 (17434 msec)
#=#=#=# Syncrun started 2014-08-09T13:36:43 until 2014-08-09T13:36:44 (631 msec)
#=#=#=# Syncrun started 2014-08-09T13:37:45 until 2014-08-09T13:37:46 (532 msec)
#=#=#=# Syncrun started 2014-08-09T13:42:46 until 2014-08-09T13:42:48 (1830 msec)
#=#=#=# Syncrun started 2014-08-09T13:48:20 until 2014-08-09T13:48:21 (709 msec)
#=#=#=# Syncrun started 2014-08-09T13:53:22 until 2014-08-09T13:53:22 (562 msec)
#=#=#=# Syncrun started 2014-08-09T14:19:40 until 2014-08-09T14:19:40 (470 msec)
#=#=#=# Syncrun started 2014-08-09T14:25:11 until 2014-08-09T14:25:11 (573 msec)
#=#=#=# Syncrun started 2014-08-09T14:30:42 until 2014-08-09T14:30:43 (531 msec)
#=#=#=# Syncrun started 2014-08-09T14:35:43 until 2014-08-09T14:35:44 (768 msec)
#=#=#=# Syncrun started 2014-08-09T14:41:15 until 2014-08-09T14:41:15 (818 msec)
#=#=#=# Syncrun started 2014-08-09T14:46:46 until 2014-08-09T14:46:47 (815 msec)
#=#=#=# Syncrun started 2014-08-09T14:52:09 until 2014-08-09T14:52:09 (779 msec)
#=#=#=# Syncrun started 2014-08-09T17:36:12 until 2014-08-09T17:36:13 (1657 msec)
#=#=#=# Syncrun started 2014-08-09T17:41:44 until 2014-08-09T17:41:45 (784 msec)
#=#=#=# Syncrun started 2014-08-09T20:01:24 until 2014-08-09T20:01:27 (3296 msec)
#=#=#=# Syncrun started 2014-08-09T20:06:28 until 2014-08-09T20:06:28 (790 msec)
#=#=#=# Syncrun started 2014-08-09T23:09:46 until 2014-08-09T23:09:47 (937 msec)
#=#=#=# Syncrun started 2014-08-09T23:14:48 until 2014-08-09T23:14:48 (732 msec)
#=#=#=# Syncrun started 2014-08-09T23:20:19 until 2014-08-09T23:20:20 (794 msec)
#=#=#=# Syncrun started 2014-08-10T02:25:13 until 2014-08-10T02:25:14 (610 msec)
#=#=#=# Syncrun started 2014-08-10T12:00:34 until 2014-08-10T12:00:35 (512 msec)
#=#=#=# Syncrun started 2014-08-10T12:06:05 until 2014-08-10T12:06:06 (557 msec)
#=#=#=# Syncrun started 2014-08-10T12:11:37 until 2014-08-10T12:11:37 (670 msec)
#=#=#=# Syncrun started 2014-08-10T12:17:09 until 2014-08-10T12:17:10 (916 msec)
#=#=#=# Syncrun started 2014-08-10T12:22:10 until 2014-08-10T12:22:11 (603 msec)
#=#=#=# Syncrun started 2014-08-10T12:27:41 until 2014-08-10T12:27:42 (495 msec)
#=#=#=# Syncrun started 2014-08-10T12:33:12 until 2014-08-10T12:33:13 (659 msec)
#=#=#=# Syncrun started 2014-08-10T12:38:44 until 2014-08-10T12:38:44 (650 msec)
#=#=#=# Syncrun started 2014-08-10T12:44:15 until 2014-08-10T12:44:16 (551 msec)
#=#=#=# Syncrun started 2014-08-10T12:49:46 until 2014-08-10T12:49:47 (559 msec)
#=#=#=# Syncrun started 2014-08-10T12:54:47 until 2014-08-10T12:54:48 (670 msec)
#=#=#=# Syncrun started 2014-08-10T12:59:49 until 2014-08-10T12:59:50 (800 msec)
#=#=#=# Syncrun started 2014-08-10T13:05:20 until 2014-08-10T13:05:21 (864 msec)
#=#=#=# Syncrun started 2014-08-10T13:10:22 until 2014-08-10T13:10:23 (1049 msec)
#=#=#=# Syncrun started 2014-08-10T13:15:53 until 2014-08-10T13:15:54 (787 msec)
#=#=#=# Syncrun started 2014-08-10T13:20:55 until 2014-08-10T13:20:55 (847 msec)
#=#=#=# Syncrun started 2014-08-10T13:26:26 until 2014-08-10T13:26:27 (868 msec)
#=#=#=# Syncrun started 2014-08-10T13:31:58 until 2014-08-10T13:31:58 (600 msec)
#=#=#=# Syncrun started 2014-08-10T13:36:59 until 2014-08-10T13:36:59 (564 msec)
#=#=#=# Syncrun started 2014-08-10T13:42:00 until 2014-08-10T13:42:00 (552 msec)
#=#=#=# Syncrun started 2014-08-10T13:47:02 until 2014-08-10T13:47:02 (580 msec)
#=#=#=# Syncrun started 2014-08-10T14:59:36 until 2014-08-10T14:59:36 (42 msec)
#=#=#=# Syncrun started 2014-08-10T15:00:06 until 2014-08-10T15:00:07 (406 msec)
#=#=#=# Syncrun started 2014-08-10T15:05:37 until 2014-08-10T15:05:38 (792 msec)
#=#=#=# Syncrun started 2014-08-10T15:09:13 until 2014-08-10T15:09:14 (848 msec)
#=#=#=# Syncrun started 2014-08-10T15:14:15 until 2014-08-10T15:14:15 (727 msec)
#=#=#=# Syncrun started 2014-08-10T15:19:46 until 2014-08-10T15:19:47 (741 msec)
#=#=#=# Syncrun started 2014-08-10T15:25:17 until 2014-08-10T15:25:18 (850 msec)
#=#=#=# Syncrun started 2014-08-10T15:30:49 until 2014-08-10T15:30:49 (787 msec)
#=#=#=# Syncrun started 2014-08-10T15:36:20 until 2014-08-10T15:36:21 (792 msec)
#=#=#=# Syncrun started 2014-08-10T15:39:04 until 2014-08-10T15:39:05 (942 msec)
#=#=#=# Syncrun started 2014-08-10T15:44:35 until 2014-08-10T15:44:36 (784 msec)
#=#=#=# Syncrun started 2014-08-10T16:04:09 until 2014-08-10T16:04:09 (40 msec)
#=#=#=# Syncrun started 2014-08-10T16:04:40 until 2014-08-10T16:04:40 (411 msec)
#=#=#=# Syncrun started 2014-08-10T16:09:41 until 2014-08-10T16:09:42 (1471 msec)
#=#=#=# Syncrun started 2014-08-10T16:15:13 until 2014-08-10T16:15:13 (864 msec)
#=#=#=# Syncrun started 2014-08-10T16:20:44 until 2014-08-10T16:20:45 (779 msec)
#=#=#=# Syncrun started 2014-08-10T16:26:15 until 2014-08-10T16:26:16 (786 msec)
#=#=#=# Syncrun started 2014-08-10T16:31:47 until 2014-08-10T16:31:47 (498 msec)
#=#=#=# Syncrun started 2014-08-10T16:37:18 until 2014-08-10T16:37:19 (785 msec)
#=#=#=# Syncrun started 2014-08-10T16:42:49 until 2014-08-10T16:42:51 (2148 msec)
#=#=#=# Syncrun started 2014-08-10T16:45:21 until 2014-08-10T16:45:22 (965 msec)
#=#=#=# Syncrun started 2014-08-10T16:48:30 until 2014-08-10T16:48:31 (834 msec)
#=#=#=# Syncrun started 2014-08-10T16:54:01 until 2014-08-10T16:54:02 (688 msec)
#=#=#=# Syncrun started 2014-08-10T16:59:32 until 2014-08-10T16:59:33 (447 msec)
#=#=#=# Syncrun started 2014-08-10T20:00:36 until 2014-08-10T20:00:36 (41 msec)
#=#=#=# Syncrun started 2014-08-11T20:21:12 until 2014-08-11T20:21:13 (858 msec)
#=#=#=# Syncrun started 2014-08-11T20:26:43 until 2014-08-11T20:26:44 (437 msec)
#=#=#=# Syncrun started 2014-08-11T20:32:14 until 2014-08-11T20:32:15 (490 msec)
#=#=#=# Syncrun started 2014-08-11T20:37:15 until 2014-08-11T20:37:16 (694 msec)
#=#=#=# Syncrun started 2014-08-11T20:42:47 until 2014-08-11T20:42:47 (744 msec)
#=#=#=# Syncrun started 2014-08-11T20:48:18 until 2014-08-11T20:48:18 (534 msec)
#=#=#=# Syncrun started 2014-08-11T23:53:43 until 2014-08-11T23:53:43 (41 msec)
#=#=#=# Syncrun started 2014-08-14T20:43:52 until 2014-08-14T20:43:52 (79 msec)
#=#=#=# Syncrun started 2014-08-14T20:44:47 until 2014-08-14T20:45:10 (22935 msec)
17:45:40|145|projects/2.png|INST_SYNC|Down|1375683275|53eb70d637933|144964|00000539oc49d2f4b94a|4||0|144964|1375683275|53e075e99ac2a||INST_NONE|
17:45:29|233|img/fav/the_prodigy_2.jpg|INST_SYNC|Down|1366397981|53eb70d655e91|43856|00000551oc49d2f4b94a|4||0|43856|1366397981|53e075bac7f6b||INST_NONE|
17:45:24|155|img/fav/magritte.jpg|INST_SYNC|Down|1382543590|53eb70d654cdb|67465|00000549oc49d2f4b94a|4||0|67465|1382543590|53e075a347624||INST_NONE|
17:45:29|89|img/fav/the_prodigy.jpg|INST_SYNC|Down|1366397955|53eb70d667866|22133|00000582oc49d2f4b94a|4||0|22133|1366397955|53e075b9e0d11||INST_NONE|
17:45:28|191|img/fav/the_killers.jpg|INST_SYNC|Down|1366402592|53eb70d669be9|23982|00000586oc49d2f4b94a|4||0|23982|1366402592|53e075b721100||INST_NONE|
17:45:31|116|img/nira_dark2.jpg|INST_SYNC|Down|1375691335|53eb70d64c2c4|103341|00000546oc49d2f4b94a|4||0|103341|1375691335|53e075c19b2a4||INST_NONE|
17:45:20|193|HappyBirthdaySasha.html|INST_SYNC|Down|1378502724|53eb70d611740|2552|00000514oc49d2f4b94a|4||0|2552|1378502724|53e075943ae07||INST_NONE|
17:45:21|198|bdstyle.css|INST_SYNC|Down|1374089508|53eb70d606b86|257|00000495oc49d2f4b94a|4||0|257|1374089508|53e07598d71da||INST_NONE|
17:45:31|155|img/social/facebook_s.png|INST_SYNC|Down|1365961519|53eb70d67c278|1838|00000591oc49d2f4b94a|4||0|1838|1365961519|53e075c4d0491||INST_NONE|
17:45:41|177|study.html|INST_SYNC|Down|1396947397|53eb70d6058a0|5746|00000493oc49d2f4b94a|4||0|5746|1396947397|53e075ecbd3ee||INST_NONE|
17:45:38|189|pics/3.png|INST_SYNC|Down|1374046124|53eb70d6cde23|25377|00000619oc49d2f4b94a|4||0|25377|1374046124|53e075e273e7f||INST_NONE|
17:45:36|180|pics to choose/18.jpg|INST_SYNC|Down|1366047369|53eb70d61cfd9|195164|00000520oc49d2f4b94a|4||0|195164|1366047369|53e075d7e38f6||INST_NONE|
17:45:28|155|img/fav/ryan_gosling_1.jpg|INST_SYNC|Down|1366446838|53eb70d660bad|30314|00000570oc49d2f4b94a|4||0|30314|1366446838|53e075b6212a6||INST_NONE|
17:45:24|222|img/fav/magritte_2.jpg|INST_SYNC|Down|1382543388|53eb70d66a4bb|122986|00000587oc49d2f4b94a|4||0|122986|1382543388|53e075a3b3bb1||INST_NONE|
17:45:33|144|img/social/twitter_s.png|INST_SYNC|Down|1365961451|53eb70d681cfb|2929|00000601oc49d2f4b94a|4||0|2929|1365961451|53e075cad9f53||INST_NONE|
17:45:23|256|img/fav/lemniscate.png|INST_SYNC|Down|1366399422|53eb70d659e1d|9302|00000558oc49d2f4b94a|4||0|9302|1366399422|53e075a1962b4||INST_NONE|
17:45:33|144|index.html|INST_SYNC|Down|1396947822|53eb70d60aab5|3472|00000502oc49d2f4b94a|4||0|3472|1396947822|53e075cc85809||INST_NONE|
17:45:39|155|pics/5.png|INST_SYNC|Down|1374083020|53eb70d6cd55f|28614|00000618oc49d2f4b94a|4||0|28614|1374083020|53e075e273e7f||INST_NONE|
|0|img/fav|INST_SYNC|Down|1407938775|53eb70d776271|0|00000540oc49d2f4b94a|0||0|8192|1407218858|53e075bfc1e73||INST_NONE|
17:45:33|145|img/tampa_bay_times.png|INST_SYNC|Down|1366871830|53eb70d64b158|16169|00000544oc49d2f4b94a|4||0|16169|1366871830|53e075ca57ebd||INST_NONE|
17:45:32|55|img/social/liveJ.png|INST_SYNC|Down|1365961811|53eb70d6813ff|10218|00000600oc49d2f4b94a|4||0|10218|1365961811|53e075c72f820||INST_NONE|
17:45:40|112|projects.html|INST_SYNC|Down|1396947896|53eb70d606280|7080|00000494oc49d2f4b94a|4||0|7080|1396947896|53e075e96f622||INST_NONE|
17:45:23|400|img/fav/esher_1.jpg|INST_SYNC|Down|1366398479|53eb70d65f0ba|60230|00000567oc49d2f4b94a|4||0|60230|1366398479|53e075a01f10c||INST_NONE|
17:45:38|166|pics to choose/9.jpg|INST_SYNC|Down|1341519346|53eb70d61be26|72464|00000518oc49d2f4b94a|4||0|72464|1341519346|53e075dda9441||INST_NONE|
17:45:35|102|pics to choose/12.jpg|INST_SYNC|Down|1366048596|53eb70d61f2f3|102163|00000524oc49d2f4b94a|4||0|102163|1366048596|53e075d365a30||INST_NONE|
17:45:21|244|css/main.css|INST_SYNC|Down|1375860717|53eb70d699faf|4720|00000603oc49d2f4b94a|4||0|4720|1375860717|53e07598abc8f||INST_NONE|
|0|pics to choose|INST_SYNC|Down|1407938775|53eb70d75dbb3|0|00000496oc49d2f4b94a|0||0|4096|1407218854|53e075de0ae11||INST_NONE|
17:45:31|111|img/social/gplus_s.png|INST_SYNC|Down|1365961706|53eb70d67f9ab|6468|00000597oc49d2f4b94a|4||0|6468|1365961706|53e075c53033e||INST_NONE|
17:45:25|144|img/fav/orchid_1.jpg|INST_SYNC|Down|1366402117|53eb70d65dc0d|32295|00000565oc49d2f4b94a|4||0|32295|1366402117|53e075a8a1ae8||INST_NONE|
17:45:37|166|pics to choose/6.jpg|INST_SYNC|Down|1366048728|53eb70d624af6|131296|00000534oc49d2f4b94a|4||0|131296|1366048728|53e075dbca5b8||INST_NONE|
17:45:23|200|img/fav/esher_2.jpg|INST_SYNC|Down|1366397921|53eb70d6652d1|42978|00000578oc49d2f4b94a|4||0|42978|1366397921|53e075a18df18||INST_NONE|
17:45:38|155|pics/1.png|INST_SYNC|Down|1372097408|53eb70d6ccc96|104714|00000617oc49d2f4b94a|4||0|104714|1372097408|53e075e0ebd3b||INST_NONE|
17:45:31|266|img/social/lastfm_s.png|INST_SYNC|Down|1365961263|53eb70d67d5b4|3873|00000593oc49d2f4b94a|4||0|3873|1365961263|53e075c6f0353||INST_NONE|
17:45:28|255|img/fav/the_killers_1.jpg|INST_SYNC|Down|1366402643|53eb70d65559e|34405|00000550oc49d2f4b94a|4||0|34405|1366402643|53e075b7ce80b||INST_NONE|
17:45:37|348|pics to choose/7.jpg|INST_SYNC|Down|1341519613|53eb70d6238f1|58050|00000532oc49d2f4b94a|4||0|58050|1341519613|53e075dc2fa93||INST_NONE|
17:45:24|177|img/fav/o_e_1.jpg|INST_SYNC|Down|1366398430|53eb70d66ad5d|39555|00000588oc49d2f4b94a|4||0|39555|1366398430|53e075a67982d||INST_NONE|
17:45:36|144|pics to choose/2.jpg|INST_SYNC|Down|1360960790|53eb70d62160c|24429|00000528oc49d2f4b94a|4||0|24429|1360960790|53e075d8afff2||INST_NONE|
17:45:33|303|js/jquery-1.9.1.min.js|INST_SYNC|Down|1365885227|53eb70d6b50f2|92629|00000606oc49d2f4b94a|4||0|92629|1365885227|53e075cdc3921||INST_NONE|
17:45:29|166|img/fav/the_prodigy_1.jpg|INST_SYNC|Down|1366397969|53eb70d664113|56326|00000576oc49d2f4b94a|4||0|56326|1366397969|53e075ba35e90||INST_NONE|
17:45:40|232|poetry.html|INST_SYNC|Down|1396947824|53eb70d60a1c3|21635|00000501oc49d2f4b94a|4||0|21635|1396947824|53e075e7526b4||INST_NONE|
17:45:33|388|js/toggle.js|INST_SYNC|Down|1375860213|53eb70d6b648f|460|00000608oc49d2f4b94a|4||0|460|1375860213|53e075d01a807||INST_NONE|
17:45:38|200|pics/01.png|INST_SYNC|Down|1374088126|53eb70d6ce85a|16211|00000620oc49d2f4b94a|4||0|16211|1374088126|53e075e0ad742||INST_NONE|
17:45:41|233|stack.html|INST_SYNC|Down|1396947405|53eb70d60fca4|2903|00000511oc49d2f4b94a|4||0|2903|1396947405|53e075ec1feb3||INST_NONE|
17:45:23|200|img/fav/lemniscate_1.gif|INST_SYNC|Down|1366399233|53eb70d65c13d|1555|00000562oc49d2f4b94a|4||0|1555|1366399233|53e075a2244ff||INST_NONE|
17:45:38|134|pics/2.png|INST_SYNC|Down|1374088685|53eb70d6cf178|2490|00000621oc49d2f4b94a|4||0|2490|1374088685|53e075e0a557e||INST_NONE|
17:45:22|155|favorites.html|INST_SYNC|Down|1396947927|53eb70d60b350|8985|00000503oc49d2f4b94a|4||0|8985|1396947927|53e0759a5c932||INST_NONE|
17:45:38|134|pics/4.png|INST_SYNC|Down|1374048208|53eb70d6cc342|22514|00000616oc49d2f4b94a|4||0|22514|1374048208|53e075e2b4f7a||INST_NONE|
17:45:25|96|img/fav/pendulum.jpg|INST_SYNC|Down|1366402204|53eb70d656858|39419|00000552oc49d2f4b94a|4||0|39419|1366402204|53e075aa8df85||INST_NONE|
17:45:25|166|img/fav/pendulum_1.jpg|INST_SYNC|Down|1366402260|53eb70d658c81|47776|00000556oc49d2f4b94a|4||0|47776|1366402260|53e075aa8dfaa||INST_NONE|
17:45:41|145|projects/4.png|INST_SYNC|Down|1375683372|53eb70d635c91|163003|00000536oc49d2f4b94a|4||0|163003|1375683372|53e075ebf3802||INST_NONE|
17:45:23|322|img/fav/esher.jpg|INST_SYNC|Down|1366397932|53eb70d668a24|58341|00000584oc49d2f4b94a|4||0|58341|1366397932|53e0759fc4bbe||INST_NONE|
|0|img|INST_SYNC|Down|1407938775|53eb70d76e04a|0|00000500oc49d2f4b94a|0||0|4096|1407218855|53e075caefccd||INST_NONE|
|0|pics|INST_SYNC|Down|1407938775|53eb70d796b19|0|00000512oc49d2f4b94a|0||0|4096|1407218837|53e075e67f17f||INST_NONE|
17:45:22|211|gallery.html|INST_SYNC|Down|1396947833|53eb70d60eb61|7343|00000509oc49d2f4b94a|4||0|7343|1396947833|53e0759c15612||INST_NONE|
|0|img/social|INST_SYNC|Down|1407938775|53eb70d77e4ac|0|00000545oc49d2f4b94a|0||0|4096|1407218858|53e075cae45eb||INST_NONE|
17:45:32|136|img/social/myShows_s.png|INST_SYNC|Down|1365960653|53eb70d67f0a9|1816|00000596oc49d2f4b94a|4||0|1816|1365960653|53e075c88bd8e||INST_NONE|
17:45:39|163|pics/grass.png|INST_SYNC|Down|1372104590|53eb70d6cb7e4|107191|00000615oc49d2f4b94a|4||0|107191|1372104590|53e075e60edd4||INST_NONE|
17:45:24|122|img/fav/o_e.jpg|INST_SYNC|Down|1366398441|53eb70d65b887|22333|00000561oc49d2f4b94a|4||0|22333|1366398441|53e075a5db81a||INST_NONE|
17:45:39|178|pics/brenda.png|INST_SYNC|Down|1374088254|53eb70d6c94a6|25245|00000611oc49d2f4b94a|4||0|25245|1374088254|53e075e4a435c||INST_NONE|
17:45:20|200|HappyBirthdayBrenda.html|INST_SYNC|Down|1381570916|53eb70d612010|2398|00000515oc49d2f4b94a|4||0|2398|1381570916|53e07598d72c9||INST_NONE|
17:45:21|211|css/normalize.css|INST_SYNC|Down|1365861170|53eb70d69ac27|7589|00000604oc49d2f4b94a|4||0|7589|1365861170|53e0759a313f2||INST_NONE|
17:45:26|300|img/fav/placebo_2.jpg|INST_SYNC|Down|1366402995|53eb70d657159|32084|00000553oc49d2f4b94a|4||0|32084|1366402995|53e075ac4a222||INST_NONE|
17:45:37|167|pics to choose/5.jpg|INST_SYNC|Down|1366047327|53eb70d61c702|141033|00000519oc49d2f4b94a|4||0|141033|1366047327|53e075dbd282f||INST_NONE|
17:45:41|156|projects/3.png|INST_SYNC|Down|1375683340|53eb70d63702f|254906|00000538oc49d2f4b94a|4||0|254906|1375683340|53e075eb7c38d||INST_NONE|
17:45:25|88|img/fav/orchid.jpg|INST_SYNC|Down|1366401994|53eb70d665bb8|23849|00000579oc49d2f4b94a|4||0|23849|1366401994|53e075a82ff32||INST_NONE|
17:45:20|144|.owncloudsync (Спірна копія користувача Nira Little 2014-08-07).log|INST_SYNC|Down|1407431810|53eb70d60bdcd|14324|00000504oc49d2f4b94a|4||0|14324|1407431810|53e3b4feb613c||INST_NONE|
17:45:34|332|pics to choose/11.jpg|INST_SYNC|Down|1366048695|53eb70d61e9fe|89320|00000523oc49d2f4b94a|4||0|89320|1366048695|53e075d1b7a31||INST_NONE|
17:45:30|155|img/fav/the_xx_2.jpg|INST_SYNC|Down|1366398004|53eb70d662ee3|35554|00000574oc49d2f4b94a|4||0|35554|1366398004|53e075bd1d16f||INST_NONE|
17:45:35|177|pics to choose/14.jpg|INST_SYNC|Down|1366047499|53eb70d62048c|108855|00000526oc49d2f4b94a|4||0|108855|1366047499|53e075d3bf326||INST_NONE|
17:45:31|111|img/social/facebook.png|INST_SYNC|Down|1365961464|53eb70d67ccf2|2241|00000592oc49d2f4b94a|4||0|2241|1365961464|53e075c328c03||INST_NONE|
17:45:27|229|img/fav/robert_1.jpg|INST_SYNC|Down|1366439407|53eb70d66145e|28955|00000571oc49d2f4b94a|4||0|28955|1366439407|53e075b464e98||INST_NONE|
17:45:31|255|img/social/gplus.png|INST_SYNC|Down|1365962021|53eb70d680252|10182|00000598oc49d2f4b94a|4||0|10182|1365962021|53e075c4d058d||INST_NONE|
17:45:26|145|img/fav/regina.jpg|INST_SYNC|Down|1366402404|53eb70d668104|34107|00000583oc49d2f4b94a|4||0|34107|1366402404|53e075ae21103||INST_NONE|
17:45:34|115|pics to choose/1.jpg|INST_SYNC|Down|1360960492|53eb70d620d34|89393|00000527oc49d2f4b94a|4||0|89393|1360960492|53e075d19f392||INST_NONE|
17:45:30|144|img/nira.jpg|INST_SYNC|Down|1365863874|53eb70d649fb6|59306|00000542oc49d2f4b94a|4||0|59306|1365863874|53e075c05a3a4||INST_NONE|
17:45:39|155|pics/end.png|INST_SYNC|Down|1374086013|53eb70d6ca631|16204|00000613oc49d2f4b94a|4||0|16204|1374086013|53e075e5d21e8||INST_NONE|
17:45:24|110|img/fav/lemniskate_2.png|INST_SYNC|Down|1366399818|53eb70d66027d|49529|00000569oc49d2f4b94a|4||0|49529|1366399818|53e075a347629||INST_NONE|
17:45:27|200|img/fav/rene_magritte_2.jpg|INST_SYNC|Down|1366397941|53eb70d65f9c7|31739|00000568oc49d2f4b94a|4||0|31739|1366397941|53e075b221e90||INST_NONE|
17:45:30|156|img/fav/tom_hiddlestone_2.jpg|INST_SYNC|Down|1366446113|53eb70d66b63d|30964|00000589oc49d2f4b94a|4||0|30964|1366446113|53e075bf88882||INST_NONE|
17:45:27|89|img/fav/rene_magritte.jpg|INST_SYNC|Down|1366398453|53eb70d65a6ba|37596|00000559oc49d2f4b94a|4||0|37596|1366398453|53e075b1da817||INST_NONE|
17:45:36|200|pics to choose/19.jpg|INST_SYNC|Down|1366047347|53eb70d62305a|189357|00000531oc49d2f4b94a|4||0|189357|1366047347|53e075d843619||INST_NONE|
17:45:40|155|projects/1.png|INST_SYNC|Down|1375683438|53eb70d636756|194042|00000537oc49d2f4b94a|4||0|194042|1375683438|53e075ea828d5||INST_NONE|
17:45:38|145|pics/0.png|INST_SYNC|Down|1374085830|53eb70d6caf38|39433|00000614oc49d2f4b94a|4||0|39433|1374085830|53e075dda12cf||INST_NONE|
17:45:28|200|img/fav/ryan_gosling_2.jpg|INST_SYNC|Down|1366447117|53eb70d66261e|32863|00000573oc49d2f4b94a|4||0|32863|1366447117|53e075b654a92||INST_NONE|
17:45:30|240|img/nira_dark.jpg|INST_SYNC|Down|1375689109|53eb70d6496d0|96357|00000541oc49d2f4b94a|4||0|96357|1375689109|53e075c149eee||INST_NONE|
17:45:26|219|img/fav/placebo_1.jpg|INST_SYNC|Down|1366402829|53eb70d666f5b|28144|00000581oc49d2f4b94a|4||0|28144|1366402829|53e075ac4a2e3||INST_NONE|
|0|css|INST_SYNC|Down|1407938775|53eb70d786632|0|00000507oc49d2f4b94a|0||0|0|1407218837|53e0759a7d7e5||INST_NONE|
17:45:30|144|img/fav/tom_hiddlestone_1.jpg|INST_SYNC|Down|1366445653|53eb70d653905|24193|00000547oc49d2f4b94a|4||0|24193|1366445653|53e075bf243fa||INST_NONE|
17:45:33|123|js/fotorama.js|INST_SYNC|Down|1359063070|53eb70d6b5b7c|39217|00000607oc49d2f4b94a|4||0|39217|1359063070|53e075ce10620||INST_NONE|
17:45:36|133|pics to choose/4.jpg|INST_SYNC|Down|1366047200|53eb70d61d88d|88475|00000521oc49d2f4b94a|4||0|88475|1366047200|53e075da96fd0||INST_NONE|
|0|projects|INST_SYNC|Down|1407938775|53eb70d765df7|0|00000498oc49d2f4b94a|0||0|0|1407218837|53e075ec09014||INST_NONE|
17:45:41|244|style.css|INST_SYNC|Down|1381567740|53eb70d60d163|122|00000506oc49d2f4b94a|4||0|122|1381567740|53e075ed4358b||INST_NONE|
17:45:25|189|img/fav/orchid_2.jpg|INST_SYNC|Down|1366401725|53eb70d657aad|45969|00000554oc49d2f4b94a|4||0|45969|1366401725|53e075a8c4da0||INST_NONE|
17:45:36|155|pics to choose/3.jpg|INST_SYNC|Down|1366047083|53eb70d61fb95|112465|00000525oc49d2f4b94a|4||0|112465|1366047083|53e075d984443||INST_NONE|
17:45:34|267|pics to choose/10.jpg|INST_SYNC|Down|1341519331|53eb70d621edb|79203|00000529oc49d2f4b94a|4||0|79203|1341519331|53e075d1b7a04||INST_NONE|
17:45:29|86|img/fav/the_xx.jpg|INST_SYNC|Down|1366398472|53eb70d6543cc|16929|00000548oc49d2f4b94a|4||0|16929|1366398472|53e075bc01b66||INST_NONE|
17:45:39|180|pics/6.png|INST_SYNC|Down|1374083111|53eb70d6c9d77|28598|00000612oc49d2f4b94a|4||0|28598|1374083111|53e075e412068||INST_NONE|
17:45:33|144|img/social/twitter.png|INST_SYNC|Down|1365961308|53eb70d67deb7|4146|00000594oc49d2f4b94a|4||0|4146|1365961308|53e075ca57eb9||INST_NONE|
17:45:27|145|img/fav/rene_magritte_1.jpg|INST_SYNC|Down|1366398464|53eb70d663844|27439|00000575oc49d2f4b94a|4||0|27439|1366398464|53e075b06ef40||INST_NONE|
17:45:25|256|img/fav/pendulum_2.jpg|INST_SYNC|Down|1366402311|53eb70d66bed9|48520|00000590oc49d2f4b94a|4||0|48520|1366402311|53e075aae2159||INST_NONE|
17:45:35|189|pics to choose/16.jpg|INST_SYNC|Down|1360960791|53eb70d6253c7|50958|00000535oc49d2f4b94a|4||0|50958|1360960791|53e075d661e59||INST_NONE|
17:45:35|134|pics to choose/13.jpg|INST_SYNC|Down|1360962033|53eb70d61abdb|52900|00000516oc49d2f4b94a|4||0|52900|1360962033|53e075d365aa4||INST_NONE|
17:45:32|377|img/social/myShows.png|INST_SYNC|Down|1365960711|53eb70d68260a|1742|00000602oc49d2f4b94a|4||0|1742|1365960711|53e075c883bdf||INST_NONE|
17:45:26|200|img/fav/regina_1.jpg|INST_SYNC|Down|1366402371|53eb70d65afa9|35346|00000560oc49d2f4b94a|4||0|35346|1366402371|53e075aeadbee||INST_NONE|
17:45:22|89|favicon.ico|INST_SYNC|Down|1365955527|53eb70d607cbe|318|00000497oc49d2f4b94a|4||0|318|1365955527|53e0759a41893||INST_NONE|
17:45:21|178|css/fotorama.css|INST_SYNC|Down|1359063068|53eb70d69b58e|21494|00000605oc49d2f4b94a|4||0|21494|1359063068|53e0759780359||INST_NONE|
17:45:27|178|img/fav/robert.jpg|INST_SYNC|Down|1366437624|53eb70d661d44|22457|00000572oc49d2f4b94a|4||0|22457|1366437624|53e075b3ecaf6||INST_NONE|
17:45:26|200|img/fav/regina_2.jpg|INST_SYNC|Down|1366402535|53eb70d659523|26512|00000557oc49d2f4b94a|4||0|26512|1366402535|53e075ae21166||INST_NONE|
17:45:31|191|img/social/lastfm.png|INST_SYNC|Down|1365961280|53eb70d67e74f|2997|00000595oc49d2f4b94a|4||0|2997|1365961280|53e075c67914c||INST_NONE|
17:45:22|147|img/bg-cross.png|INST_SYNC|Down|1366304076|53eb70d64a85e|186379|00000543oc49d2f4b94a|4||0|186379|1366304076|53e0759e7b9ac||INST_NONE|
17:45:40|182|pics/growing.png|INST_SYNC|Down|1374086907|53eb70d6c8b38|12954|00000610oc49d2f4b94a|4||0|12954|1374086907|53e075e662cc7||INST_NONE|
17:45:36|168|pics to choose/20.jpg|INST_SYNC|Down|1366047009|53eb70d62277e|528241|00000530oc49d2f4b94a|4||0|528241|1366047009|53e075d97c21c||INST_NONE|
17:45:26|100|img/fav/placebo.jpg|INST_SYNC|Down|1366402761|53eb70d664a2c|24438|00000577oc49d2f4b94a|4||0|24438|1366402761|53e075ac98b6d||INST_NONE|
17:45:35|104|pics to choose/15.jpg|INST_SYNC|Down|1366047461|53eb70d61b566|116081|00000517oc49d2f4b94a|4||0|116081|1366047461|53e075d567e73||INST_NONE|
17:45:28|99|img/fav/ryan_gosling.jpg|INST_SYNC|Down|1366446558|53eb70d65d2fe|27600|00000564oc49d2f4b94a|4||0|27600|1366446558|53e075b57007d||INST_NONE|
17:45:35|266|pics to choose/17.jpg|INST_SYNC|Down|1366047423|53eb70d62423a|135848|00000533oc49d2f4b94a|4||0|135848|1366047423|53e075d6d9176||INST_NONE|
17:45:30|156|img/fav/tom_hiddlestone.jpg|INST_SYNC|Down|1366446289|53eb70d66930e|36786|00000585oc49d2f4b94a|4||0|36786|1366446289|53e075be7db9f||INST_NONE|
17:45:37|252|pics to choose/8.jpg|INST_SYNC|Down|1341519593|53eb70d61e166|81548|00000522oc49d2f4b94a|4||0|81548|1341519593|53e075dded0b1||INST_NONE|
17:45:24|211|img/fav/o_e_2.jpg|INST_SYNC|Down|1366398420|53eb70d658382|35782|00000555oc49d2f4b94a|4||0|35782|1366398420|53e075a6156b6||INST_NONE|
17:45:27|222|img/fav/robert_2.jpg|INST_SYNC|Down|1366438560|53eb70d6666a3|29496|00000580oc49d2f4b94a|4||0|29496|1366438560|53e075b46d082||INST_NONE|
|0|js|INST_SYNC|Down|1407938775|53eb70d78e901|0|00000510oc49d2f4b94a|0||0|0|1407218854|53e075d04cfc3||INST_NONE|
17:45:29|160|img/fav/the_xx_1.jpg|INST_SYNC|Down|1366397991|53eb70d65e7be|35586|00000566oc49d2f4b94a|4||0|35586|1366397991|53e075bc940a4||INST_NONE|
17:45:39|178|pics/7.gif|INST_SYNC|Down|1374090091|53eb70d6c8028|15281|00000609oc49d2f4b94a|4||0|15281|1374090091|53e075e491411||INST_NONE|
17:45:28|211|img/fav/the_killers_2.jpg|INST_SYNC|Down|1366402710|53eb70d65ca4b|56581|00000563oc49d2f4b94a|4||0|56581|1366402710|53e075b8263e3||INST_NONE|
17:45:21|114|contacts.html|INST_SYNC|Down|1396947920|53eb70d60c8c7|3000|00000505oc49d2f4b94a|4||0|3000|1396947920|53e075958b65c||INST_NONE|
17:45:21|229|about.html|INST_SYNC|Down|1407219090|53eb70d610e63|8872|00000513oc49d2f4b94a|4||0|8872|1407219090|53e075922d347||INST_NONE|
17:45:20|91|.csync_journal (Спірна копія користувача Nira Little 2014-08-08).db|INST_SYNC|Down|1407457542|53eb70d608e72|31744|00000499oc49d2f4b94a|4||0|31744|1407457542|53e462f5171c3||INST_NONE|
17:45:32|144|img/social/liveJ_s.png|INST_SYNC|Down|1365961919|53eb70d680b30|10684|00000599oc49d2f4b94a|4||0|10684|1365961919|53e075c86b554||INST_NONE|
#=#=#=# Syncrun started 2014-08-14T20:45:22 until 2014-08-14T20:45:22 (546 msec)
#=#=#=# Syncrun started 2014-08-14T20:45:53 until 2014-08-14T20:45:54 (641 msec)
#=#=#=# Syncrun started 2014-08-14T20:51:24 until 2014-08-14T20:51:25 (790 msec)
#=#=#=# Syncrun started 2014-08-14T20:56:55 until 2014-08-14T20:56:56 (804 msec)
#=#=#=# Syncrun started 2014-08-14T21:02:27 until 2014-08-14T21:02:28 (963 msec)
#=#=#=# Syncrun started 2014-08-14T21:07:28 until 2014-08-14T21:07:29 (748 msec)
#=#=#=# Syncrun started 2014-08-14T22:10:24 until 2014-08-14T22:10:24 (46 msec)
#=#=#=# Syncrun started 2014-08-14T22:10:54 until 2014-08-14T22:10:55 (433 msec)
#=#=#=# Syncrun started 2014-08-14T22:16:25 until 2014-08-14T22:16:26 (880 msec)
#=#=#=# Syncrun started 2014-08-14T22:21:57 until 2014-08-14T22:21:58 (715 msec)
#=#=#=# Syncrun started 2014-08-14T22:27:28 until 2014-08-14T22:27:29 (789 msec)
#=#=#=# Syncrun started 2014-08-14T22:32:30 until 2014-08-14T22:32:30 (752 msec)
#=#=#=# Syncrun started 2014-08-14T22:37:32 until 2014-08-14T22:37:32 (758 msec)
#=#=#=# Syncrun started 2014-08-14T22:42:33 until 2014-08-14T22:42:34 (711 msec)
#=#=#=# Syncrun started 2014-08-15T01:42:47 until 2014-08-15T01:42:47 (396 msec)
#=#=#=# Syncrun started 2014-08-15T21:32:03 until 2014-08-15T21:32:06 (3337 msec)
#=#=#=# Syncrun started 2014-08-15T23:53:31 until 2014-08-15T23:53:33 (2096 msec)
#=#=#=# Syncrun started 2014-08-15T23:58:34 until 2014-08-15T23:58:34 (786 msec)
#=#=#=# Syncrun started 2014-08-16T00:04:05 until 2014-08-16T00:04:06 (755 msec)
#=#=#=# Syncrun started 2014-08-16T14:42:17 until 2014-08-16T14:42:18 (437 msec)
#=#=#=# Syncrun started 2014-08-16T14:47:48 until 2014-08-16T14:47:49 (542 msec)
#=#=#=# Syncrun started 2014-08-16T14:53:19 until 2014-08-16T14:53:20 (504 msec)
#=#=#=# Syncrun started 2014-08-16T14:58:21 until 2014-08-16T14:58:21 (540 msec)
#=#=#=# Syncrun started 2014-08-16T15:03:22 until 2014-08-16T15:03:23 (564 msec)
#=#=#=# Syncrun started 2014-08-16T15:08:24 until 2014-08-16T15:08:24 (485 msec)
#=#=#=# Syncrun started 2014-08-16T15:18:50 until 2014-08-16T15:18:53 (2374 msec)
#=#=#=# Syncrun started 2014-08-16T15:24:23 until 2014-08-16T15:24:24 (693 msec)
#=#=#=# Syncrun started 2014-08-16T15:38:32 until 2014-08-16T15:38:33 (555 msec)
#=#=#=# Syncrun started 2014-08-16T19:20:08 until 2014-08-16T19:20:08 (107 msec)
#=#=#=# Syncrun started 2014-08-16T19:20:10 until 2014-08-16T19:20:10 (30 msec)
#=#=#=# Syncrun started 2014-10-18T11:41:42 until 2014-10-18T11:41:43 (597 msec)
#=#=#=# Syncrun started 2014-10-18T11:42:13 until 2014-10-18T11:42:13 (410 msec)
#=#=#=# Syncrun started 2014-10-18T11:47:14 until 2014-10-18T11:47:15 (428 msec)
#=#=#=# Syncrun started 2014-10-18T11:52:45 until 2014-10-18T11:52:46 (465 msec)
#=#=#=# Syncrun started 2014-10-18T11:57:47 until 2014-10-18T11:57:47 (476 msec)
#=#=#=# Syncrun started 2014-10-18T12:03:18 until 2014-10-18T12:03:18 (588 msec)
#=#=#=# Syncrun started 2014-10-18T12:08:49 until 2014-10-18T12:08:49 (463 msec)
#=#=#=# Syncrun started 2014-10-18T12:14:20 until 2014-10-18T12:14:21 (459 msec)
#=#=#=# Syncrun started 2014-10-18T12:19:51 until 2014-10-18T12:19:52 (521 msec)
#=#=#=# Syncrun started 2014-10-18T12:25:22 until 2014-10-18T12:25:23 (535 msec)
#=#=#=# Syncrun started 2014-10-18T12:30:23 until 2014-10-18T12:30:24 (489 msec)
#=#=#=# Syncrun started 2014-10-18T12:35:55 until 2014-10-18T12:35:55 (455 msec)
#=#=#=# Syncrun started 2014-10-18T12:41:26 until 2014-10-18T12:41:26 (460 msec)
#=#=#=# Syncrun started 2014-10-18T12:46:27 until 2014-10-18T12:46:27 (573 msec)
#=#=#=# Syncrun started 2014-10-18T12:51:58 until 2014-10-18T12:51:58 (474 msec)
#=#=#=# Syncrun started 2014-10-18T12:57:29 until 2014-10-18T12:57:29 (417 msec)
#=#=#=# Syncrun started 2014-10-18T13:02:30 until 2014-10-18T13:02:31 (668 msec)
#=#=#=# Syncrun started 2014-10-18T13:08:01 until 2014-10-18T13:08:02 (640 msec)
#=#=#=# Syncrun started 2014-10-18T13:13:33 until 2014-10-18T13:13:33 (709 msec)
#=#=#=# Syncrun started 2014-10-18T13:19:04 until 2014-10-18T13:19:05 (703 msec)
#=#=#=# Syncrun started 2014-10-18T13:24:35 until 2014-10-18T13:24:36 (494 msec)
#=#=#=# Syncrun started 2014-10-18T13:29:36 until 2014-10-18T13:29:37 (745 msec)
#=#=#=# Syncrun started 2014-10-18T16:33:35 until 2014-10-18T16:33:35 (358 msec)
#=#=#=# Syncrun started 2014-10-18T18:44:24 until 2014-10-18T18:44:25 (505 msec)
#=#=#=# Syncrun started 2014-10-18T18:44:57 until 2014-10-18T18:44:57 (380 msec)
#=#=#=# Syncrun started 2014-10-18T18:49:58 until 2014-10-18T18:49:58 (389 msec)
#=#=#=# Syncrun started 2014-10-18T18:55:29 until 2014-10-18T18:55:29 (385 msec)
#=#=#=# Syncrun started 2014-10-18T19:01:00 until 2014-10-18T19:01:00 (414 msec)
#=#=#=# Syncrun started 2014-10-18T19:06:31 until 2014-10-18T19:06:31 (537 msec)
#=#=#=# Syncrun started 2014-10-18T19:12:02 until 2014-10-18T19:12:02 (372 msec)
#=#=#=# Syncrun started 2014-10-18T19:17:33 until 2014-10-18T19:17:33 (665 msec)
#=#=#=# Syncrun started 2014-10-18T19:23:04 until 2014-10-18T19:23:04 (440 msec)
#=#=#=# Syncrun started 2014-10-18T19:28:35 until 2014-10-18T19:28:35 (478 msec)
#=#=#=# Syncrun started 2014-10-18T19:33:36 until 2014-10-18T19:33:37 (697 msec)
#=#=#=# Syncrun started 2014-10-18T19:39:07 until 2014-10-18T19:39:08 (506 msec)
#=#=#=# Syncrun started 2014-10-18T19:44:38 until 2014-10-18T19:44:39 (695 msec)
#=#=#=# Syncrun started 2014-10-18T19:50:10 until 2014-10-18T19:50:10 (615 msec)
#=#=#=# Syncrun started 2014-10-18T19:55:41 until 2014-10-18T19:55:41 (354 msec)
#=#=#=# Syncrun started 2014-10-18T20:00:42 until 2014-10-18T20:00:42 (615 msec)
#=#=#=# Syncrun started 2014-10-18T20:05:43 until 2014-10-18T20:05:43 (350 msec)
#=#=#=# Syncrun started 2014-10-18T20:10:44 until 2014-10-18T20:10:44 (355 msec)
#=#=#=# Syncrun started 2014-10-18T20:15:45 until 2014-10-18T20:15:45 (442 msec)
#=#=#=# Syncrun started 2014-10-18T20:20:46 until 2014-10-18T20:20:46 (664 msec)
#=#=#=# Syncrun started 2014-10-18T20:26:17 until 2014-10-18T20:26:17 (513 msec)
#=#=#=# Syncrun started 2014-10-18T20:31:48 until 2014-10-18T20:31:48 (412 msec)
#=#=#=# Syncrun started 2014-10-18T20:37:19 until 2014-10-18T20:37:19 (494 msec)
#=#=#=# Syncrun started 2014-10-18T20:42:20 until 2014-10-18T20:42:20 (395 msec)
#=#=#=# Syncrun started 2014-10-18T20:47:51 until 2014-10-18T20:47:51 (403 msec)
#=#=#=# Syncrun started 2014-10-18T20:53:22 until 2014-10-18T20:53:22 (687 msec)
#=#=#=# Syncrun started 2014-10-18T20:58:53 until 2014-10-18T20:58:53 (663 msec)
#=#=#=# Syncrun started 2014-10-18T21:04:24 until 2014-10-18T21:04:24 (372 msec)
#=#=#=# Syncrun started 2014-10-18T21:09:55 until 2014-10-18T21:09:55 (402 msec)
#=#=#=# Syncrun started 2014-10-18T21:15:26 until 2014-10-18T21:15:26 (428 msec)
#=#=#=# Syncrun started 2014-10-18T21:20:57 until 2014-10-18T21:20:58 (697 msec)
#=#=#=# Syncrun started 2014-10-18T21:26:28 until 2014-10-18T21:26:29 (405 msec)
#=#=#=# Syncrun started 2014-10-18T21:31:59 until 2014-10-18T21:32:00 (673 msec)
#=#=#=# Syncrun started 2014-10-18T21:37:00 until 2014-10-18T21:37:01 (628 msec)
#=#=#=# Syncrun started 2014-10-18T21:42:32 until 2014-10-18T21:42:32 (388 msec)
#=#=#=# Syncrun started 2014-10-18T21:47:33 until 2014-10-18T21:47:33 (496 msec)
#=#=#=# Syncrun started 2014-10-18T21:52:34 until 2014-10-18T21:52:34 (378 msec)
#=#=#=# Syncrun started 2014-10-18T21:58:05 until 2014-10-18T21:58:05 (434 msec)
#=#=#=# Syncrun started 2014-10-18T22:03:06 until 2014-10-18T22:03:06 (434 msec)
#=#=#=# Syncrun started 2014-10-18T22:08:07 until 2014-10-18T22:08:07 (694 msec)
#=#=#=# Syncrun started 2014-10-18T22:13:08 until 2014-10-18T22:13:08 (390 msec)
#=#=#=# Syncrun started 2014-10-18T22:18:09 until 2014-10-18T22:18:09 (411 msec)
#=#=#=# Syncrun started 2014-10-18T22:23:10 until 2014-10-18T22:23:10 (424 msec)
#=#=#=# Syncrun started 2014-10-18T22:28:41 until 2014-10-18T22:28:41 (409 msec)
#=#=#=# Syncrun started 2014-10-18T22:33:42 until 2014-10-18T22:33:42 (400 msec)
#=#=#=# Syncrun started 2014-10-18T22:39:13 until 2014-10-18T22:39:14 (686 msec)
#=#=#=# Syncrun started 2014-10-18T22:44:44 until 2014-10-18T22:44:45 (378 msec)
#=#=#=# Syncrun started 2014-10-18T22:49:45 until 2014-10-18T22:49:46 (394 msec)
#=#=#=# Syncrun started 2014-10-18T22:55:16 until 2014-10-18T22:55:16 (402 msec)
#=#=#=# Syncrun started 2014-10-18T23:00:47 until 2014-10-18T23:00:47 (448 msec)
#=#=#=# Syncrun started 2014-10-18T23:05:48 until 2014-10-18T23:05:48 (394 msec)
#=#=#=# Syncrun started 2014-10-18T23:11:19 until 2014-10-18T23:11:20 (672 msec)
#=#=#=# Syncrun started 2014-10-18T23:16:50 until 2014-10-18T23:16:51 (701 msec)
#=#=#=# Syncrun started 2014-10-18T23:22:21 until 2014-10-18T23:22:22 (679 msec)
#=#=#=# Syncrun started 2014-10-18T23:27:53 until 2014-10-18T23:27:54 (945 msec)
#=#=#=# Syncrun started 2014-10-18T23:33:24 until 2014-10-18T23:33:25 (436 msec)
#=#=#=# Syncrun started 2014-10-18T23:38:55 until 2014-10-18T23:38:56 (703 msec)
#=#=#=# Syncrun started 2014-10-18T23:44:27 until 2014-10-18T23:44:27 (484 msec)
#=#=#=# Syncrun started 2014-10-18T23:49:28 until 2014-10-18T23:49:28 (780 msec)
#=#=#=# Syncrun started 2014-10-18T23:54:59 until 2014-10-18T23:54:59 (366 msec)
#=#=#=# Syncrun started 2014-10-19T00:00:30 until 2014-10-19T00:00:31 (663 msec)
#=#=#=# Syncrun started 2014-10-19T00:05:31 until 2014-10-19T00:05:32 (691 msec)
#=#=#=# Syncrun started 2014-10-19T00:11:02 until 2014-10-19T00:11:03 (1028 msec)
#=#=#=# Syncrun started 2014-10-19T00:16:04 until 2014-10-19T00:16:05 (545 msec)
#=#=#=# Syncrun started 2014-10-19T00:21:35 until 2014-10-19T00:21:36 (417 msec)
#=#=#=# Syncrun started 2014-10-19T00:27:06 until 2014-10-19T00:27:07 (661 msec)
#=#=#=# Syncrun started 2014-10-19T00:27:34 until 2014-10-19T00:27:35 (1548 msec)
21:27:35|0|.owncloudsync (Спірна копія користувача Nira Little 2014-08-07).log|INST_REMOVE|Up|1407431810|53eb70d60bdcd|14324|00000504oc49d2f4b94a|4||0|0|0|||INST_NONE|
#=#=#=# Syncrun started 2014-10-19T00:27:38 until 2014-10-19T00:27:38 (931 msec)
21:27:38|0|.csync_journal (Спірна копія користувача Nira Little 2014-08-08).db|INST_REMOVE|Up|1407457542|53eb70d608e72|31744|00000499oc49d2f4b94a|4||0|0|0|||INST_NONE|
#=#=#=# Syncrun started 2014-10-19T00:28:09 until 2014-10-19T00:28:10 (379 msec)
#=#=#=# Syncrun started 2014-10-19T00:33:44 until 2014-10-19T00:33:45 (629 msec)
#=#=#=# Syncrun started 2014-10-19T00:33:46 until 2014-10-19T00:33:47 (343 msec)
#=#=#=# Syncrun started 2014-10-19T10:54:03 until 2014-10-19T10:54:03 (397 msec)
#=#=#=# Syncrun started 2014-10-19T10:59:34 until 2014-10-19T10:59:34 (459 msec)
#=#=#=# Syncrun started 2014-10-19T11:04:35 until 2014-10-19T11:04:35 (451 msec)
#=#=#=# Syncrun started 2014-10-19T11:10:06 until 2014-10-19T11:10:06 (506 msec)
#=#=#=# Syncrun started 2014-10-19T11:15:37 until 2014-10-19T11:15:38 (370 msec)
#=#=#=# Syncrun started 2014-10-19T11:21:08 until 2014-10-19T11:21:09 (407 msec)
#=#=#=# Syncrun started 2014-10-19T11:26:39 until 2014-10-19T11:26:40 (398 msec)
#=#=#=# Syncrun started 2014-10-19T11:31:40 until 2014-10-19T11:31:41 (390 msec)
#=#=#=# Syncrun started 2014-10-19T11:37:11 until 2014-10-19T11:37:12 (379 msec)
#=#=#=# Syncrun started 2014-10-19T11:42:42 until 2014-10-19T11:42:43 (371 msec)
#=#=#=# Syncrun started 2014-10-19T11:48:14 until 2014-10-19T11:48:14 (378 msec)
#=#=#=# Syncrun started 2014-10-19T11:53:45 until 2014-10-19T11:53:45 (649 msec)
#=#=#=# Syncrun started 2014-10-19T11:59:16 until 2014-10-19T11:59:16 (383 msec)
#=#=#=# Syncrun started 2014-10-19T12:04:47 until 2014-10-19T12:04:47 (374 msec)
#=#=#=# Syncrun started 2014-10-19T12:10:18 until 2014-10-19T12:10:18 (391 msec)
#=#=#=# Syncrun started 2014-10-19T12:15:19 until 2014-10-19T12:15:20 (396 msec)
#=#=#=# Syncrun started 2014-10-19T12:20:20 until 2014-10-19T12:20:21 (404 msec)
#=#=#=# Syncrun started 2014-10-19T12:25:51 until 2014-10-19T12:25:52 (417 msec)
#=#=#=# Syncrun started 2014-10-19T12:31:22 until 2014-10-19T12:31:23 (646 msec)
#=#=#=# Syncrun started 2014-10-19T12:36:54 until 2014-10-19T12:36:54 (695 msec)
#=#=#=# Syncrun started 2014-10-19T12:41:55 until 2014-10-19T12:41:55 (412 msec)
#=#=#=# Syncrun started 2014-10-19T12:47:26 until 2014-10-19T12:47:26 (473 msec)
#=#=#=# Syncrun started 2014-10-19T12:52:27 until 2014-10-19T12:52:27 (410 msec)
